26-Sep-2024 05:44:15.442 INFO [main] org.apache.catalina.startup.VersionLoggerListener.log Server version name:   Apache Tomcat/10.1.30
26-Sep-2024 05:44:15.456 INFO [main] org.apache.catalina.startup.VersionLoggerListener.log Server built:          Sep 13 2024 20:26:16 UTC
26-Sep-2024 05:44:15.459 INFO [main] org.apache.catalina.startup.VersionLoggerListener.log Server version number: 10.1.30.0
26-Sep-2024 05:44:15.459 INFO [main] org.apache.catalina.startup.VersionLoggerListener.log OS Name:               Linux
26-Sep-2024 05:44:15.459 INFO [main] org.apache.catalina.startup.VersionLoggerListener.log OS Version:            6.8.0-1014-azure
26-Sep-2024 05:44:15.459 INFO [main] org.apache.catalina.startup.VersionLoggerListener.log Architecture:          amd64
26-Sep-2024 05:44:15.459 INFO [main] org.apache.catalina.startup.VersionLoggerListener.log Java Home:             /usr/local/sdkman/candidates/java/21.0.4-ms
26-Sep-2024 05:44:15.459 INFO [main] org.apache.catalina.startup.VersionLoggerListener.log JVM Version:           21.0.4+7-LTS
26-Sep-2024 05:44:15.459 INFO [main] org.apache.catalina.startup.VersionLoggerListener.log JVM Vendor:            Microsoft
26-Sep-2024 05:44:15.459 INFO [main] org.apache.catalina.startup.VersionLoggerListener.log CATALINA_BASE:         /workspaces/JSPTOMCAT/apache-tomcat-10.1.30
26-Sep-2024 05:44:15.460 INFO [main] org.apache.catalina.startup.VersionLoggerListener.log CATALINA_HOME:         /workspaces/JSPTOMCAT/apache-tomcat-10.1.30
26-Sep-2024 05:44:15.492 INFO [main] org.apache.catalina.startup.VersionLoggerListener.log Command line argument: -Djava.util.logging.config.file=/workspaces/JSPTOMCAT/apache-tomcat-10.1.30/conf/logging.properties
26-Sep-2024 05:44:15.492 INFO [main] org.apache.catalina.startup.VersionLoggerListener.log Command line argument: -Djava.util.logging.manager=org.apache.juli.ClassLoaderLogManager
26-Sep-2024 05:44:15.492 INFO [main] org.apache.catalina.startup.VersionLoggerListener.log Command line argument: -Djdk.tls.ephemeralDHKeySize=2048
26-Sep-2024 05:44:15.492 INFO [main] org.apache.catalina.startup.VersionLoggerListener.log Command line argument: -Djava.protocol.handler.pkgs=org.apache.catalina.webresources
26-Sep-2024 05:44:15.493 INFO [main] org.apache.catalina.startup.VersionLoggerListener.log Command line argument: -Dorg.apache.catalina.security.SecurityListener.UMASK=0027
26-Sep-2024 05:44:15.493 INFO [main] org.apache.catalina.startup.VersionLoggerListener.log Command line argument: --add-opens=java.base/java.lang=ALL-UNNAMED
26-Sep-2024 05:44:15.493 INFO [main] org.apache.catalina.startup.VersionLoggerListener.log Command line argument: --add-opens=java.base/java.io=ALL-UNNAMED
26-Sep-2024 05:44:15.493 INFO [main] org.apache.catalina.startup.VersionLoggerListener.log Command line argument: --add-opens=java.base/java.util=ALL-UNNAMED
26-Sep-2024 05:44:15.493 INFO [main] org.apache.catalina.startup.VersionLoggerListener.log Command line argument: --add-opens=java.base/java.util.concurrent=ALL-UNNAMED
26-Sep-2024 05:44:15.493 INFO [main] org.apache.catalina.startup.VersionLoggerListener.log Command line argument: --add-opens=java.rmi/sun.rmi.transport=ALL-UNNAMED
26-Sep-2024 05:44:15.493 INFO [main] org.apache.catalina.startup.VersionLoggerListener.log Command line argument: -Dcatalina.base=/workspaces/JSPTOMCAT/apache-tomcat-10.1.30
26-Sep-2024 05:44:15.493 INFO [main] org.apache.catalina.startup.VersionLoggerListener.log Command line argument: -Dcatalina.home=/workspaces/JSPTOMCAT/apache-tomcat-10.1.30
26-Sep-2024 05:44:15.493 INFO [main] org.apache.catalina.startup.VersionLoggerListener.log Command line argument: -Djava.io.tmpdir=/workspaces/JSPTOMCAT/apache-tomcat-10.1.30/temp
26-Sep-2024 05:44:15.501 INFO [main] org.apache.catalina.core.AprLifecycleListener.lifecycleEvent The Apache Tomcat Native library which allows using OpenSSL was not found on the java.library.path: [/usr/java/packages/lib:/usr/lib64:/lib64:/lib:/usr/lib]
26-Sep-2024 05:44:16.085 INFO [main] org.apache.coyote.AbstractProtocol.init Initializing ProtocolHandler ["http-nio-8080"]
26-Sep-2024 05:44:16.114 INFO [main] org.apache.catalina.startup.Catalina.load Server initialization in [967] milliseconds
26-Sep-2024 05:44:16.173 INFO [main] org.apache.catalina.core.StandardService.startInternal Starting service [Catalina]
26-Sep-2024 05:44:16.174 INFO [main] org.apache.catalina.core.StandardEngine.startInternal Starting Servlet engine: [Apache Tomcat/10.1.30]
26-Sep-2024 05:44:16.182 INFO [main] org.apache.catalina.startup.HostConfig.deployDirectory Deploying web application directory [/workspaces/JSPTOMCAT/apache-tomcat-10.1.30/webapps/manager]
26-Sep-2024 05:44:16.674 INFO [main] org.apache.catalina.startup.HostConfig.deployDirectory Deployment of web application directory [/workspaces/JSPTOMCAT/apache-tomcat-10.1.30/webapps/manager] has finished in [491] ms
26-Sep-2024 05:44:16.675 INFO [main] org.apache.catalina.startup.HostConfig.deployDirectory Deploying web application directory [/workspaces/JSPTOMCAT/apache-tomcat-10.1.30/webapps/docs]
26-Sep-2024 05:44:16.705 INFO [main] org.apache.catalina.startup.HostConfig.deployDirectory Deployment of web application directory [/workspaces/JSPTOMCAT/apache-tomcat-10.1.30/webapps/docs] has finished in [30] ms
26-Sep-2024 05:44:16.705 INFO [main] org.apache.catalina.startup.HostConfig.deployDirectory Deploying web application directory [/workspaces/JSPTOMCAT/apache-tomcat-10.1.30/webapps/ROOT]
26-Sep-2024 05:44:16.731 INFO [main] org.apache.catalina.startup.HostConfig.deployDirectory Deployment of web application directory [/workspaces/JSPTOMCAT/apache-tomcat-10.1.30/webapps/ROOT] has finished in [25] ms
26-Sep-2024 05:44:16.732 INFO [main] org.apache.catalina.startup.HostConfig.deployDirectory Deploying web application directory [/workspaces/JSPTOMCAT/apache-tomcat-10.1.30/webapps/host-manager]
26-Sep-2024 05:44:16.775 INFO [main] org.apache.catalina.startup.HostConfig.deployDirectory Deployment of web application directory [/workspaces/JSPTOMCAT/apache-tomcat-10.1.30/webapps/host-manager] has finished in [42] ms
26-Sep-2024 05:44:16.777 INFO [main] org.apache.catalina.startup.HostConfig.deployDirectory Deploying web application directory [/workspaces/JSPTOMCAT/apache-tomcat-10.1.30/webapps/examples]
26-Sep-2024 05:44:17.180 INFO [main] org.apache.catalina.startup.HostConfig.deployDirectory Deployment of web application directory [/workspaces/JSPTOMCAT/apache-tomcat-10.1.30/webapps/examples] has finished in [403] ms
26-Sep-2024 05:44:17.185 INFO [main] org.apache.coyote.AbstractProtocol.start Starting ProtocolHandler ["http-nio-8080"]
26-Sep-2024 05:44:17.203 INFO [main] org.apache.catalina.startup.Catalina.start Server startup in [1086] milliseconds
26-Sep-2024 05:46:37.207 INFO [Catalina-utility-2] org.apache.catalina.startup.HostConfig.reload Reloading context []
26-Sep-2024 05:46:37.207 INFO [Catalina-utility-2] org.apache.catalina.core.StandardContext.reload Reloading Context with name [] has started
26-Sep-2024 05:46:37.313 INFO [Catalina-utility-2] org.apache.catalina.core.StandardContext.reload Reloading Context with name [] is completed
26-Sep-2024 05:46:48.114 INFO [main] org.apache.catalina.core.StandardServer.await A valid shutdown command was received via the shutdown port. Stopping the Server instance.
26-Sep-2024 05:46:48.115 INFO [main] org.apache.coyote.AbstractProtocol.pause Pausing ProtocolHandler ["http-nio-8080"]
26-Sep-2024 05:46:48.120 INFO [main] org.apache.catalina.core.StandardService.stopInternal Stopping service [Catalina]
26-Sep-2024 05:46:48.136 INFO [main] org.apache.coyote.AbstractProtocol.stop Stopping ProtocolHandler ["http-nio-8080"]
26-Sep-2024 05:46:48.144 INFO [main] org.apache.coyote.AbstractProtocol.destroy Destroying ProtocolHandler ["http-nio-8080"]
26-Sep-2024 05:46:48.704 INFO [main] org.apache.catalina.startup.VersionLoggerListener.log Server version name:   Apache Tomcat/10.1.30
26-Sep-2024 05:46:48.718 INFO [main] org.apache.catalina.startup.VersionLoggerListener.log Server built:          Sep 13 2024 20:26:16 UTC
26-Sep-2024 05:46:48.719 INFO [main] org.apache.catalina.startup.VersionLoggerListener.log Server version number: 10.1.30.0
26-Sep-2024 05:46:48.719 INFO [main] org.apache.catalina.startup.VersionLoggerListener.log OS Name:               Linux
26-Sep-2024 05:46:48.719 INFO [main] org.apache.catalina.startup.VersionLoggerListener.log OS Version:            6.8.0-1014-azure
26-Sep-2024 05:46:48.719 INFO [main] org.apache.catalina.startup.VersionLoggerListener.log Architecture:          amd64
26-Sep-2024 05:46:48.719 INFO [main] org.apache.catalina.startup.VersionLoggerListener.log Java Home:             /usr/local/sdkman/candidates/java/21.0.4-ms
26-Sep-2024 05:46:48.719 INFO [main] org.apache.catalina.startup.VersionLoggerListener.log JVM Version:           21.0.4+7-LTS
26-Sep-2024 05:46:48.719 INFO [main] org.apache.catalina.startup.VersionLoggerListener.log JVM Vendor:            Microsoft
26-Sep-2024 05:46:48.720 INFO [main] org.apache.catalina.startup.VersionLoggerListener.log CATALINA_BASE:         /workspaces/JSPTOMCAT/apache-tomcat-10.1.30
26-Sep-2024 05:46:48.720 INFO [main] org.apache.catalina.startup.VersionLoggerListener.log CATALINA_HOME:         /workspaces/JSPTOMCAT/apache-tomcat-10.1.30
26-Sep-2024 05:46:48.730 INFO [main] org.apache.catalina.startup.VersionLoggerListener.log Command line argument: -Djava.util.logging.config.file=/workspaces/JSPTOMCAT/apache-tomcat-10.1.30/conf/logging.properties
26-Sep-2024 05:46:48.730 INFO [main] org.apache.catalina.startup.VersionLoggerListener.log Command line argument: -Djava.util.logging.manager=org.apache.juli.ClassLoaderLogManager
26-Sep-2024 05:46:48.730 INFO [main] org.apache.catalina.startup.VersionLoggerListener.log Command line argument: -Djdk.tls.ephemeralDHKeySize=2048
26-Sep-2024 05:46:48.730 INFO [main] org.apache.catalina.startup.VersionLoggerListener.log Command line argument: -Djava.protocol.handler.pkgs=org.apache.catalina.webresources
26-Sep-2024 05:46:48.730 INFO [main] org.apache.catalina.startup.VersionLoggerListener.log Command line argument: -Dorg.apache.catalina.security.SecurityListener.UMASK=0027
26-Sep-2024 05:46:48.730 INFO [main] org.apache.catalina.startup.VersionLoggerListener.log Command line argument: --add-opens=java.base/java.lang=ALL-UNNAMED
26-Sep-2024 05:46:48.731 INFO [main] org.apache.catalina.startup.VersionLoggerListener.log Command line argument: --add-opens=java.base/java.io=ALL-UNNAMED
26-Sep-2024 05:46:48.731 INFO [main] org.apache.catalina.startup.VersionLoggerListener.log Command line argument: --add-opens=java.base/java.util=ALL-UNNAMED
26-Sep-2024 05:46:48.731 INFO [main] org.apache.catalina.startup.VersionLoggerListener.log Command line argument: --add-opens=java.base/java.util.concurrent=ALL-UNNAMED
26-Sep-2024 05:46:48.731 INFO [main] org.apache.catalina.startup.VersionLoggerListener.log Command line argument: --add-opens=java.rmi/sun.rmi.transport=ALL-UNNAMED
26-Sep-2024 05:46:48.731 INFO [main] org.apache.catalina.startup.VersionLoggerListener.log Command line argument: -Dcatalina.base=/workspaces/JSPTOMCAT/apache-tomcat-10.1.30
26-Sep-2024 05:46:48.731 INFO [main] org.apache.catalina.startup.VersionLoggerListener.log Command line argument: -Dcatalina.home=/workspaces/JSPTOMCAT/apache-tomcat-10.1.30
26-Sep-2024 05:46:48.731 INFO [main] org.apache.catalina.startup.VersionLoggerListener.log Command line argument: -Djava.io.tmpdir=/workspaces/JSPTOMCAT/apache-tomcat-10.1.30/temp
26-Sep-2024 05:46:48.735 INFO [main] org.apache.catalina.core.AprLifecycleListener.lifecycleEvent The Apache Tomcat Native library which allows using OpenSSL was not found on the java.library.path: [/usr/java/packages/lib:/usr/lib64:/lib64:/lib:/usr/lib]
26-Sep-2024 05:46:49.229 INFO [main] org.apache.coyote.AbstractProtocol.init Initializing ProtocolHandler ["http-nio-8080"]
26-Sep-2024 05:46:49.295 INFO [main] org.apache.catalina.startup.Catalina.load Server initialization in [811] milliseconds
26-Sep-2024 05:46:49.366 INFO [main] org.apache.catalina.core.StandardService.startInternal Starting service [Catalina]
26-Sep-2024 05:46:49.367 INFO [main] org.apache.catalina.core.StandardEngine.startInternal Starting Servlet engine: [Apache Tomcat/10.1.30]
26-Sep-2024 05:46:49.378 INFO [main] org.apache.catalina.startup.HostConfig.deployDirectory Deploying web application directory [/workspaces/JSPTOMCAT/apache-tomcat-10.1.30/webapps/manager]
26-Sep-2024 05:46:49.778 INFO [main] org.apache.catalina.startup.HostConfig.deployDirectory Deployment of web application directory [/workspaces/JSPTOMCAT/apache-tomcat-10.1.30/webapps/manager] has finished in [399] ms
26-Sep-2024 05:46:49.778 INFO [main] org.apache.catalina.startup.HostConfig.deployDirectory Deploying web application directory [/workspaces/JSPTOMCAT/apache-tomcat-10.1.30/webapps/docs]
26-Sep-2024 05:46:49.806 INFO [main] org.apache.catalina.startup.HostConfig.deployDirectory Deployment of web application directory [/workspaces/JSPTOMCAT/apache-tomcat-10.1.30/webapps/docs] has finished in [28] ms
26-Sep-2024 05:46:49.807 INFO [main] org.apache.catalina.startup.HostConfig.deployDirectory Deploying web application directory [/workspaces/JSPTOMCAT/apache-tomcat-10.1.30/webapps/ROOT]
26-Sep-2024 05:46:49.985 INFO [main] org.apache.catalina.startup.HostConfig.deployDirectory Deployment of web application directory [/workspaces/JSPTOMCAT/apache-tomcat-10.1.30/webapps/ROOT] has finished in [177] ms
26-Sep-2024 05:46:49.986 INFO [main] org.apache.catalina.startup.HostConfig.deployDirectory Deploying web application directory [/workspaces/JSPTOMCAT/apache-tomcat-10.1.30/webapps/host-manager]
26-Sep-2024 05:46:50.029 INFO [main] org.apache.catalina.startup.HostConfig.deployDirectory Deployment of web application directory [/workspaces/JSPTOMCAT/apache-tomcat-10.1.30/webapps/host-manager] has finished in [43] ms
26-Sep-2024 05:46:50.030 INFO [main] org.apache.catalina.startup.HostConfig.deployDirectory Deploying web application directory [/workspaces/JSPTOMCAT/apache-tomcat-10.1.30/webapps/examples]
26-Sep-2024 05:46:50.342 INFO [main] org.apache.catalina.startup.HostConfig.deployDirectory Deployment of web application directory [/workspaces/JSPTOMCAT/apache-tomcat-10.1.30/webapps/examples] has finished in [312] ms
26-Sep-2024 05:46:50.348 INFO [main] org.apache.coyote.AbstractProtocol.start Starting ProtocolHandler ["http-nio-8080"]
26-Sep-2024 05:46:50.361 INFO [main] org.apache.catalina.startup.Catalina.start Server startup in [1062] milliseconds
